<?xml version="1.0" encoding="UTF-8"?>
<!-- Generated by org.testng.reporters.JUnitReportReporter -->
<testsuite skipped="0" hostname="DESKTOP-VCU4DMG" name="day12.FailScreenShotConcept" tests="1" failures="0" timestamp="22 Oct 2018 06:26:23 GMT" time="21.901" errors="0">
  <testcase name="loginintoFacebook" time="21.901" classname="day12.FailScreenShotConcept"/>
</testsuite> <!-- day12.FailScreenShotConcept -->
