<?xml version="1.0" encoding="UTF-8"?>
<!-- Generated by org.testng.reporters.JUnitReportReporter -->
<testsuite skipped="0" hostname="DESKTOP-VCU4DMG" name="day13.TestNGAnnotations" tests="7" failures="0" timestamp="22 Oct 2018 06:26:23 GMT" time="0.051" errors="0">
  <testcase name="test6" time="0.005" classname="day13.TestNGAnnotations"/>
  <testcase name="test5" time="0.014" classname="day13.TestNGAnnotations"/>
  <testcase name="AddtoContact" time="0.004" classname="day13.TestNGAnnotations"/>
  <testcase name="test4" time="0.005" classname="day13.TestNGAnnotations"/>
  <testcase name="login" time="0.006" classname="day13.TestNGAnnotations"/>
  <testcase name="checktheURL" time="0.010" classname="day13.TestNGAnnotations"/>
  <testcase name="contactSearch" time="0.007" classname="day13.TestNGAnnotations"/>
</testsuite> <!-- day13.TestNGAnnotations -->
