<?xml version="1.0" encoding="UTF-8"?>
<!-- Generated by org.testng.reporters.JUnitReportReporter -->
<testsuite skipped="0" hostname="DESKTOP-VCU4DMG" name="testNG.GoogleTest" tests="3" failures="0" timestamp="30 Nov 2018 17:44:51 GMT" time="20.680" errors="0">
  <testcase name="validatePageTitle" time="7.519" classname="testNG.GoogleTest"/>
  <testcase name="validateLogo" time="6.608" classname="testNG.GoogleTest"/>
  <testcase name="validateGmaillink" time="6.553" classname="testNG.GoogleTest"/>
</testsuite> <!-- testNG.GoogleTest -->
