<?xml version="1.0" encoding="UTF-8"?>
<!-- Generated by org.testng.reporters.JUnitReportReporter -->
<testsuite skipped="0" hostname="DESKTOP-VCU4DMG" name="testNG.DataProviderConcept" tests="4" failures="0" timestamp="12 Dec 2018 19:57:58 GMT" time="43.202" errors="0">
  <testcase name="Signup" time="10.607" classname="testNG.DataProviderConcept"/>
  <testcase name="Signup" time="9.375" classname="testNG.DataProviderConcept"/>
  <testcase name="Signup" time="11.239" classname="testNG.DataProviderConcept"/>
  <testcase name="Signup" time="11.981" classname="testNG.DataProviderConcept"/>
</testsuite> <!-- testNG.DataProviderConcept -->
