<?xml version="1.0" encoding="UTF-8"?>
<!-- Generated by org.testng.reporters.JUnitReportReporter -->
<testsuite skipped="0" hostname="DESKTOP-VCU4DMG" name="day1.LaunchBrowser" tests="1" failures="0" timestamp="03 Dec 2018 17:36:47 GMT" time="10.535" errors="0">
  <testcase name="launchingURL" time="10.535" classname="day1.LaunchBrowser"/>
</testsuite> <!-- day1.LaunchBrowser -->
