<?xml version="1.0" encoding="UTF-8"?>
<!-- Generated by org.testng.reporters.JUnitReportReporter -->
<testsuite skipped="0" hostname="DESKTOP-VCU4DMG" name="day2.RadioButtonConcept" tests="1" failures="0" timestamp="03 Dec 2018 17:36:47 GMT" time="10.418" errors="0">
  <testcase name="SignUpFB" time="10.418" classname="day2.RadioButtonConcept"/>
</testsuite> <!-- day2.RadioButtonConcept -->
