<?xml version="1.0" encoding="UTF-8"?>
<!-- Generated by org.testng.reporters.JUnitReportReporter -->
<testsuite skipped="0" hostname="DESKTOP-VCU4DMG" name="day15.exceptedExceptionConcept" tests="1" failures="0" timestamp="25 Oct 2018 17:54:34 GMT" time="0.013" errors="0">
  <testcase name="numberexception" time="0.013" classname="day15.exceptedExceptionConcept"/>
</testsuite> <!-- day15.exceptedExceptionConcept -->
