<?xml version="1.0" encoding="UTF-8"?>
<!-- Generated by org.testng.reporters.JUnitReportReporter -->
<testsuite skipped="0" hostname="DESKTOP-VCU4DMG" name="testNG.InvocationCountConcept" tests="5" failures="0" timestamp="03 Dec 2018 17:23:39 GMT" time="0.014" errors="0">
  <testcase name="sum" time="0.002" classname="testNG.InvocationCountConcept"/>
  <testcase name="sum" time="0.001" classname="testNG.InvocationCountConcept"/>
  <testcase name="sum" time="0.009" classname="testNG.InvocationCountConcept"/>
  <testcase name="sum" time="0.001" classname="testNG.InvocationCountConcept"/>
  <testcase name="sum" time="0.001" classname="testNG.InvocationCountConcept"/>
</testsuite> <!-- testNG.InvocationCountConcept -->
