<?xml version="1.0" encoding="UTF-8"?>
<!-- Generated by org.testng.reporters.JUnitReportReporter -->
<testsuite skipped="1" hostname="DESKTOP-VCU4DMG" name="day16.DisableConcept" tests="2" failures="0" timestamp="29 Oct 2018 17:11:47 GMT" time="0.024" errors="0">
  <testcase name="sum" time="0.024" classname="day16.DisableConcept"/>
  <testcase name="subtraction" classname="day16.DisableConcept">
    <skipped/>
  </testcase> <!-- subtraction -->
</testsuite> <!-- day16.DisableConcept -->
