<?xml version="1.0" encoding="UTF-8"?>
<!-- Generated by org.testng.reporters.JUnitReportReporter -->
<testsuite skipped="0" hostname="DESKTOP-VCU4DMG" name="day5.SwitchBetweenTabsConcept" tests="1" failures="0" timestamp="10 Apr 2019 17:03:59 GMT" time="24.135" errors="0">
  <testcase name="switchTabs" time="24.135" classname="day5.SwitchBetweenTabsConcept"/>
</testsuite> <!-- day5.SwitchBetweenTabsConcept -->
