<?xml version="1.0" encoding="UTF-8"?>
<!-- Generated by org.testng.reporters.JUnitReportReporter -->
<testsuite skipped="0" hostname="DESKTOP-VCU4DMG" name="day8.DatePickConcept" tests="1" failures="0" timestamp="15 Oct 2018 11:55:13 GMT" time="29.136" errors="0">
  <testcase name="datepicker" time="29.136" classname="day8.DatePickConcept"/>
</testsuite> <!-- day8.DatePickConcept -->
