<?xml version="1.0" encoding="UTF-8"?>
<!-- Generated by org.testng.reporters.JUnitReportReporter -->
<testsuite skipped="0" hostname="DESKTOP-VCU4DMG" name="testNG.ExceptedErrorConcept" tests="2" failures="0" timestamp="03 Dec 2018 17:31:28 GMT" time="0.028" errors="0">
  <testcase name="infinity" time="0.005" classname="testNG.ExceptedErrorConcept"/>
  <testcase name="error" time="0.023" classname="testNG.ExceptedErrorConcept"/>
</testsuite> <!-- testNG.ExceptedErrorConcept -->
