<?xml version="1.0" encoding="UTF-8"?>
<!-- Generated by org.testng.reporters.JUnitReportReporter -->
<testsuite skipped="0" hostname="DESKTOP-VCU4DMG" name="day12.TestNGConcept" tests="1" failures="0" timestamp="15 Oct 2018 11:55:13 GMT" time="10.983" errors="0">
  <testcase name="login" time="10.983" classname="day12.TestNGConcept"/>
</testsuite> <!-- day12.TestNGConcept -->
